# JRE version: Java(TM) SE Runtime Environment (25.0+37) (build 25+37-LTS-3491)
# Java VM: Java HotSpot(TM) 64-Bit Server VM (25+37-LTS-3491, mixed mode, sharing, tiered, compressed oops, compressed class ptrs, parallel gc, windows-amd64)
GC Precious Log:
 CardTable entry size: 512
 CPUs: 12 total, 12 available
 Memory: 7381M
 Large Page Support: Disabled
 NUMA Support: Disabled
 Compressed Oops: Enabled (32-bit)
 Alignments: Space 512K, Generation 512K, Heap 2M
 Heap Min Capacity: 100M
 Heap Initial Capacity: 100M
 Heap Max Capacity: 2G
 Pre-touch: Disabled
 Parallel Workers: 10
Heap:
 PSYoungGen      total 32256K, used 20540K [0x00000000d5580000, 0x00000000d7680000, 0x0000000100000000)
  eden space 30208K, 63% used [0x00000000d5580000,0x00000000d6833398,0x00000000d7300000)
  from space 2048K, 67% used [0x00000000d7300000,0x00000000d745c010,0x00000000d7500000)
  to   space 1536K, 0% used [0x00000000d7500000,0x00000000d7500000,0x00000000d7680000)
 ParOldGen       total 664576K, used 664476K [0x0000000080000000, 0x00000000a8900000, 0x00000000d5580000)
  object space 664576K, 99% used [0x0000000080000000,0x00000000a88e7368,0x00000000a8900000)
GC Heap Usage History (20 events):
Event: 18954.477 {heap Before GC invocations=1703 (full 5):
 PSYoungGen      total 32256K, used 32224K [0x00000000d5580000, 0x00000000d7800000, 0x0000000100000000)
  eden space 31232K, 100% used [0x00000000d5580000,0x00000000d7400000,0x00000000d7400000)
  from space 1024K, 96% used [0x00000000d7480000,0x00000000d7578060,0x00000000d7580000)
  to   space 2048K, 0% used [0x00000000d7600000,0x00000000d7600000,0x00000000d7800000)
 ParOldGen       total 658944K, used 658525K [0x0000000080000000, 0x00000000a8380000, 0x00000000d55Event: 18954.498 {heap After GC invocations=1703 (full 5):
 PSYoungGen      total 33280K, used 1392K [0x00000000d5580000, 0x00000000d7780000, 0x0000000100000000)
  eden space 31744K, 0% used [0x00000000d5580000,0x00000000d5580000,0x00000000d7480000)
  from space 1536K, 90% used [0x00000000d7600000,0x00000000d775c030,0x00000000d7780000)
  to   space 1536K, 0% used [0x00000000d7480000,0x00000000d7480000,0x00000000d7600000)
 ParOldGen       total 659968K, used 659471K [0x0000000080000000, 0x00000000a8480000, 0x00000000d558000Event: 18955.056 {heap Before GC invocations=1704 (full 5):
 PSYoungGen      total 33280K, used 33136K [0x00000000d5580000, 0x00000000d7780000, 0x0000000100000000)
  eden space 31744K, 99% used [0x00000000d5580000,0x00000000d747fff8,0x00000000d7480000)
  from space 1536K, 90% used [0x00000000d7600000,0x00000000d775c030,0x00000000d7780000)
  to   space 1536K, 0% used [0x00000000d7480000,0x00000000d7480000,0x00000000d7600000)
 ParOldGen       total 659968K, used 659471K [0x0000000080000000, 0x00000000a8480000, 0x00000000d558Event: 18955.076 {heap After GC invocations=1704 (full 5):
 PSYoungGen      total 32768K, used 1520K [0x00000000d5580000, 0x00000000d7900000, 0x0000000100000000)
  eden space 31232K, 0% used [0x00000000d5580000,0x00000000d5580000,0x00000000d7400000)
  from space 1536K, 98% used [0x00000000d7480000,0x00000000d75fc010,0x00000000d7600000)
  to   space 2560K, 0% used [0x00000000d7680000,0x00000000d7680000,0x00000000d7900000)
 ParOldGen       total 660480K, used 660042K [0x0000000080000000, 0x00000000a8500000, 0x00000000d558000Event: 18996.881 {heap Before GC invocations=1705 (full 5):
 PSYoungGen      total 32768K, used 32752K [0x00000000d5580000, 0x00000000d7900000, 0x0000000100000000)
  eden space 31232K, 100% used [0x00000000d5580000,0x00000000d7400000,0x00000000d7400000)
  from space 1536K, 98% used [0x00000000d7480000,0x00000000d75fc010,0x00000000d7600000)
  to   space 2560K, 0% used [0x00000000d7680000,0x00000000d7680000,0x00000000d7900000)
 ParOldGen       total 660480K, used 660042K [0x0000000080000000, 0x00000000a8500000, 0x00000000d55Event: 18996.901 {heap After GC invocations=1705 (full 5):
 PSYoungGen      total 32256K, used 1488K [0x00000000d5580000, 0x00000000d7800000, 0x0000000100000000)
  eden space 30720K, 0% used [0x00000000d5580000,0x00000000d5580000,0x00000000d7380000)
  from space 1536K, 96% used [0x00000000d7680000,0x00000000d77f4070,0x00000000d7800000)
  to   space 2048K, 0% used [0x00000000d7400000,0x00000000d7400000,0x00000000d7600000)
 ParOldGen       total 660992K, used 660637K [0x0000000080000000, 0x00000000a8580000, 0x00000000d558000Event: 19001.140 {heap Before GC invocations=1706 (full 5):
 PSYoungGen      total 32256K, used 32208K [0x00000000d5580000, 0x00000000d7800000, 0x0000000100000000)
  eden space 30720K, 100% used [0x00000000d5580000,0x00000000d7380000,0x00000000d7380000)
  from space 1536K, 96% used [0x00000000d7680000,0x00000000d77f4070,0x00000000d7800000)
  to   space 2048K, 0% used [0x00000000d7400000,0x00000000d7400000,0x00000000d7600000)
 ParOldGen       total 660992K, used 660637K [0x0000000080000000, 0x00000000a8580000, 0x00000000d55Event: 19001.164 {heap After GC invocations=1706 (full 5):
 PSYoungGen      total 32256K, used 1776K [0x00000000d5580000, 0x00000000d7700000, 0x0000000100000000)
  eden space 30208K, 0% used [0x00000000d5580000,0x00000000d5580000,0x00000000d7300000)
  from space 2048K, 86% used [0x00000000d7400000,0x00000000d75bc050,0x00000000d7600000)
  to   space 1024K, 0% used [0x00000000d7600000,0x00000000d7600000,0x00000000d7700000)
 ParOldGen       total 660992K, used 660869K [0x0000000080000000, 0x00000000a8580000, 0x00000000d558000Event: 19005.068 {heap Before GC invocations=1707 (full 5):
 PSYoungGen      total 32256K, used 31969K [0x00000000d5580000, 0x00000000d7700000, 0x0000000100000000)
  eden space 30208K, 99% used [0x00000000d5580000,0x00000000d72fc678,0x00000000d7300000)
  from space 2048K, 86% used [0x00000000d7400000,0x00000000d75bc050,0x00000000d7600000)
  to   space 1024K, 0% used [0x00000000d7600000,0x00000000d7600000,0x00000000d7700000)
 ParOldGen       total 660992K, used 660869K [0x0000000080000000, 0x00000000a8580000, 0x00000000d558Event: 19005.073 {heap After GC invocations=1707 (full 5):
 PSYoungGen      total 31232K, used 992K [0x00000000d5580000, 0x00000000d7700000, 0x0000000100000000)
  eden space 30208K, 0% used [0x00000000d5580000,0x00000000d5580000,0x00000000d7300000)
  from space 1024K, 96% used [0x00000000d7600000,0x00000000d76f8020,0x00000000d7700000)
  to   space 2048K, 0% used [0x00000000d7300000,0x00000000d7300000,0x00000000d7500000)
 ParOldGen       total 661504K, used 661426K [0x0000000080000000, 0x00000000a8600000, 0x00000000d5580000Event: 19007.078 {heap Before GC invocations=1708 (full 5):
 PSYoungGen      total 31232K, used 31200K [0x00000000d5580000, 0x00000000d7700000, 0x0000000100000000)
  eden space 30208K, 100% used [0x00000000d5580000,0x00000000d7300000,0x00000000d7300000)
  from space 1024K, 96% used [0x00000000d7600000,0x00000000d76f8020,0x00000000d7700000)
  to   space 2048K, 0% used [0x00000000d7300000,0x00000000d7300000,0x00000000d7500000)
 ParOldGen       total 661504K, used 661426K [0x0000000080000000, 0x00000000a8600000, 0x00000000d55Event: 19007.083 {heap After GC invocations=1708 (full 5):
 PSYoungGen      total 32256K, used 1712K [0x00000000d5580000, 0x00000000d7680000, 0x0000000100000000)
  eden space 30208K, 0% used [0x00000000d5580000,0x00000000d5580000,0x00000000d7300000)
  from space 2048K, 83% used [0x00000000d7300000,0x00000000d74ac050,0x00000000d7500000)
  to   space 1536K, 0% used [0x00000000d7500000,0x00000000d7500000,0x00000000d7680000)
 ParOldGen       total 662528K, used 662325K [0x0000000080000000, 0x00000000a8700000, 0x00000000d558000Event: 19018.320 {heap Before GC invocations=1709 (full 5):
 PSYoungGen      total 32256K, used 31920K [0x00000000d5580000, 0x00000000d7680000, 0x0000000100000000)
  eden space 30208K, 100% used [0x00000000d5580000,0x00000000d7300000,0x00000000d7300000)
  from space 2048K, 83% used [0x00000000d7300000,0x00000000d74ac050,0x00000000d7500000)
  to   space 1536K, 0% used [0x00000000d7500000,0x00000000d7500000,0x00000000d7680000)
 ParOldGen       total 662528K, used 662325K [0x0000000080000000, 0x00000000a8700000, 0x00000000d55Event: 19018.343 {heap After GC invocations=1709 (full 5):
 PSYoungGen      total 32256K, used 1392K [0x00000000d5580000, 0x00000000d7680000, 0x0000000100000000)
  eden space 30720K, 0% used [0x00000000d5580000,0x00000000d5580000,0x00000000d7380000)
  from space 1536K, 90% used [0x00000000d7500000,0x00000000d765c090,0x00000000d7680000)
  to   space 1536K, 0% used [0x00000000d7380000,0x00000000d7380000,0x00000000d7500000)
 ParOldGen       total 663040K, used 662683K [0x0000000080000000, 0x00000000a8780000, 0x00000000d558000Event: 19020.527 {heap Before GC invocations=1710 (full 5):
 PSYoungGen      total 32256K, used 32112K [0x00000000d5580000, 0x00000000d7680000, 0x0000000100000000)
  eden space 30720K, 100% used [0x00000000d5580000,0x00000000d7380000,0x00000000d7380000)
  from space 1536K, 90% used [0x00000000d7500000,0x00000000d765c090,0x00000000d7680000)
  to   space 1536K, 0% used [0x00000000d7380000,0x00000000d7380000,0x00000000d7500000)
 ParOldGen       total 663040K, used 662683K [0x0000000080000000, 0x00000000a8780000, 0x00000000d55Event: 19020.533 {heap After GC invocations=1710 (full 5):
 PSYoungGen      total 32256K, used 1232K [0x00000000d5580000, 0x00000000d7680000, 0x0000000100000000)
  eden space 30720K, 0% used [0x00000000d5580000,0x00000000d5580000,0x00000000d7380000)
  from space 1536K, 80% used [0x00000000d7380000,0x00000000d74b4030,0x00000000d7500000)
  to   space 1536K, 0% used [0x00000000d7500000,0x00000000d7500000,0x00000000d7680000)
 ParOldGen       total 663040K, used 662811K [0x0000000080000000, 0x00000000a8780000, 0x00000000d558000Event: 19038.908 {heap Before GC invocations=1711 (full 5):
 PSYoungGen      total 32256K, used 31952K [0x00000000d5580000, 0x00000000d7680000, 0x0000000100000000)
  eden space 30720K, 100% used [0x00000000d5580000,0x00000000d7380000,0x00000000d7380000)
  from space 1536K, 80% used [0x00000000d7380000,0x00000000d74b4030,0x00000000d7500000)
  to   space 1536K, 0% used [0x00000000d7500000,0x00000000d7500000,0x00000000d7680000)
 ParOldGen       total 663040K, used 662811K [0x0000000080000000, 0x00000000a8780000, 0x00000000d55Event: 19038.928 {heap After GC invocations=1711 (full 5):
 PSYoungGen      total 31744K, used 1520K [0x00000000d5580000, 0x00000000d7700000, 0x0000000100000000)
  eden space 30208K, 0% used [0x00000000d5580000,0x00000000d5580000,0x00000000d7300000)
  from space 1536K, 98% used [0x00000000d7500000,0x00000000d767c050,0x00000000d7680000)
  to   space 2048K, 0% used [0x00000000d7300000,0x00000000d7300000,0x00000000d7500000)
 ParOldGen       total 663040K, used 663016K [0x0000000080000000, 0x00000000a8780000, 0x00000000d558000Event: 19076.099 {heap Before GC invocations=1712 (full 5):
 PSYoungGen      total 31744K, used 31728K [0x00000000d5580000, 0x00000000d7700000, 0x0000000100000000)
  eden space 30208K, 100% used [0x00000000d5580000,0x00000000d7300000,0x00000000d7300000)
  from space 1536K, 98% used [0x00000000d7500000,0x00000000d767c050,0x00000000d7680000)
  to   space 2048K, 0% used [0x00000000d7300000,0x00000000d7300000,0x00000000d7500000)
 ParOldGen       total 663040K, used 663016K [0x0000000080000000, 0x00000000a8780000, 0x00000000d55Event: 19076.103 {heap After GC invocations=1712 (full 5):
 PSYoungGen      total 32256K, used 1392K [0x00000000d5580000, 0x00000000d7680000, 0x0000000100000000)
  eden space 30208K, 0% used [0x00000000d5580000,0x00000000d5580000,0x00000000d7300000)
  from space 2048K, 67% used [0x00000000d7300000,0x00000000d745c010,0x00000000d7500000)
  to   space 1536K, 0% used [0x00000000d7500000,0x00000000d7500000,0x00000000d7680000)
 ParOldGen       total 664576K, used 664476K [0x0000000080000000, 0x00000000a8900000, 0x00000000d558000
Metaspace Usage History (20 events):
Event: 18954.477 {metaspace Before GC invocations=1703 (full 5):
 Metaspace       used 88936K, committed 90368K, reserved 1179648K
  class space    used 7511K, committed 8192K, reserved 1048576K
}
Event: 18954.498 {metaspace After GC invocations=1703 (full 5):
 Metaspace       used 88936K, committed 90368K, reserved 1179648K
  class space    used 7511K, committed 8192K, reserved 1048576K
}
Event: 18955.056 {metaspace Before GC invocations=1704 (full 5):
 Metaspace       used 88936K, committed 90368K, reserved 1179648K
  class space    used 7511K, committed 8192K, reserved 1048576K
}
Event: 18955.076 {metaspace After GC invocations=1704 (full 5):
 Metaspace       used 88936K, committed 90368K, reserved 1179648K
  class space    used 7511K, committed 8192K, reserved 1048576K
}
Event: 18996.881 {metaspace Before GC invocations=1705 (full 5):
 Metaspace       used 88945K, committed 90432K, reserved 1179648K
  class space    used 7511K, committed 8192K, reserved 1048576K
}
Event: 18996.901 {metaspace After GC invocations=1705 (full 5):
 Metaspace       used 88945K, committed 90432K, reserved 1179648K
  class space    used 7511K, committed 8192K, reserved 1048576K
}
Event: 19001.140 {metaspace Before GC invocations=1706 (full 5):
 Metaspace       used 88945K, committed 90432K, reserved 1179648K
  class space    used 7511K, committed 8192K, reserved 1048576K
}
Event: 19001.164 {metaspace After GC invocations=1706 (full 5):
 Metaspace       used 88945K, committed 90432K, reserved 1179648K
  class space    used 7511K, committed 8192K, reserved 1048576K
}
Event: 19005.068 {metaspace Before GC invocations=1707 (full 5):
 Metaspace       used 88945K, committed 90432K, reserved 1179648K
  class space    used 7511K, committed 8192K, reserved 1048576K
}
Event: 19005.073 {metaspace After GC invocations=1707 (full 5):
 Metaspace       used 88945K, committed 90432K, reserved 1179648K
  class space    used 7511K, committed 8192K, reserved 1048576K
}
Event: 19007.078 {metaspace Before GC invocations=1708 (full 5):
 Metaspace       used 88945K, committed 90432K, reserved 1179648K
  class space    used 7511K, committed 8192K, reserved 1048576K
}
Event: 19007.083 {metaspace After GC invocations=1708 (full 5):
 Metaspace       used 88945K, committed 90432K, reserved 1179648K
  class space    used 7511K, committed 8192K, reserved 1048576K
}
Event: 19018.320 {metaspace Before GC invocations=1709 (full 5):
 Metaspace       used 88945K, committed 90432K, reserved 1179648K
  class space    used 7511K, committed 8192K, reserved 1048576K
}
Event: 19018.343 {metaspace After GC invocations=1709 (full 5):
 Metaspace       used 88945K, committed 90432K, reserved 1179648K
  class space    used 7511K, committed 8192K, reserved 1048576K
}
Event: 19020.527 {metaspace Before GC invocations=1710 (full 5):
 Metaspace       used 88945K, committed 90432K, reserved 1179648K
  class space    used 7511K, committed 8192K, reserved 1048576K
}
Event: 19020.533 {metaspace After GC invocations=1710 (full 5):
 Metaspace       used 88945K, committed 90432K, reserved 1179648K
  class space    used 7511K, committed 8192K, reserved 1048576K
}
Event: 19038.908 {metaspace Before GC invocations=1711 (full 5):
 Metaspace       used 88955K, committed 90432K, reserved 1179648K
  class space    used 7511K, committed 8192K, reserved 1048576K
}
Event: 19038.928 {metaspace After GC invocations=1711 (full 5):
 Metaspace       used 88955K, committed 90432K, reserved 1179648K
  class space    used 7511K, committed 8192K, reserved 1048576K
}
Event: 19076.099 {metaspace Before GC invocations=1712 (full 5):
 Metaspace       used 89831K, committed 91520K, reserved 1179648K
  class space    used 7644K, committed 8384K, reserved 1048576K
}
Event: 19076.103 {metaspace After GC invocations=1712 (full 5):
 Metaspace       used 89831K, committed 91520K, reserved 1179648K
  class space    used 7644K, committed 8384K, reserved 1048576K
}

